[debug] [2021-10-20T13:06:46.319Z] ----------------------------------------------------------------------
[debug] [2021-10-20T13:06:46.323Z] Command:       C:\Program Files\nodejs\node.exe C:\Users\HP\AppData\Roaming\npm\node_modules\firebase-tools\lib\bin\firebase.js init
[debug] [2021-10-20T13:06:46.323Z] CLI Version:   9.20.0
[debug] [2021-10-20T13:06:46.324Z] Platform:      win32
[debug] [2021-10-20T13:06:46.324Z] Node Version:  v14.17.1
[debug] [2021-10-20T13:06:46.325Z] Time:          Wed Oct 20 2021 19:06:46 GMT+0600 (Bangladesh Standard Time)
[debug] [2021-10-20T13:06:46.326Z] ----------------------------------------------------------------------
[debug] 
[debug] [2021-10-20T13:06:46.449Z] > command requires scopes: ["email","openid","https://www.googleapis.com/auth/cloudplatformprojects.readonly","https://www.googleapis.com/auth/firebase","https://www.googleapis.com/auth/cloud-platform"]
[debug] [2021-10-20T13:06:46.450Z] > authorizing via signed-in user (aliakkas006@gmail.com)
[info] 
     ######## #### ########  ######## ########     ###     ######  ########
     ##        ##  ##     ## ##       ##     ##  ##   ##  ##       ##
     ######    ##  ########  ######   ########  #########  ######  ######
     ##        ##  ##    ##  ##       ##     ## ##     ##       ## ##
     ##       #### ##     ## ######## ########  ##     ##  ######  ########

You're about to initialize a Firebase project in this directory:

  C:\Projects\assignment-10

Before we get started, keep in mind:

  * You are currently outside your home directory
  * You are initializing within an existing Firebase project directory

